<?xml version="1.0" encoding="UTF-8"?>
<!-- Generated by org.testng.reporters.JUnitXMLReporter -->
<testsuite ignored="0" hostname="DESKTOP-HGBR7TQ" failures="0" tests="5" name="Default test" time="0.374" errors="0" timestamp="2023-04-18T21:07:14 IST">
  <testcase classname="testngtest.SoftAsserttt" name="@BeforeTest initBrowser" time="0.001">
    <failure type="java.lang.Error" message="Unresolved compilation problem: 
	WebDriverManager cannot be resolved
">
      <![CDATA[java.lang.Error: Unresolved compilation problem: 
WebDriverManager cannot be resolved

at testngtest.SoftAsserttt.initBrowser(SoftAsserttt.java:19)
at java.base/jdk.internal.reflect.NativeMethodAccessorImpl.invoke0(Native Method)
at java.base/jdk.internal.reflect.NativeMethodAccessorImpl.invoke(NativeMethodAccessorImpl.java:64)
at java.base/jdk.internal.reflect.DelegatingMethodAccessorImpl.invoke(DelegatingMethodAccessorImpl.java:43)
at java.base/java.lang.reflect.Method.invoke(Method.java:564)
at org.testng.internal.MethodInvocationHelper.invokeMethod(MethodInvocationHelper.java:133)
at org.testng.internal.MethodInvocationHelper.invokeMethodConsideringTimeout(MethodInvocationHelper.java:62)
at org.testng.internal.ConfigInvoker.invokeConfigurationMethod(ConfigInvoker.java:385)
at org.testng.internal.ConfigInvoker.invokeConfigurations(ConfigInvoker.java:321)
at org.testng.TestRunner.invokeTestConfigurations(TestRunner.java:637)
at org.testng.TestRunner.beforeRun(TestRunner.java:627)
at org.testng.TestRunner.run(TestRunner.java:589)
at org.testng.SuiteRunner.runTest(SuiteRunner.java:377)
at org.testng.SuiteRunner.runSequentially(SuiteRunner.java:371)
at org.testng.SuiteRunner.privateRun(SuiteRunner.java:332)
at org.testng.SuiteRunner.run(SuiteRunner.java:276)
at org.testng.SuiteRunnerWorker.runSuite(SuiteRunnerWorker.java:53)
at org.testng.SuiteRunnerWorker.run(SuiteRunnerWorker.java:96)
at org.testng.TestNG.runSuitesSequentially(TestNG.java:1212)
at org.testng.TestNG.runSuitesLocally(TestNG.java:1134)
at org.testng.TestNG.runSuites(TestNG.java:1063)
at org.testng.TestNG.run(TestNG.java:1031)
at org.testng.remote.AbstractRemoteTestNG.run(AbstractRemoteTestNG.java:115)
at org.testng.remote.RemoteTestNG.initAndRun(RemoteTestNG.java:251)
at org.testng.remote.RemoteTestNG.main(RemoteTestNG.java:77)
]]>
    </failure>
  </testcase> <!-- @BeforeTest initBrowser -->
  <testcase classname="testngtest.RegressionTestCheckSequence" name="@BeforeTest beforeTest" time="-1.681832234402E9">
    <skipped/>
  </testcase> <!-- @BeforeTest beforeTest -->
  <testcase classname="testngtest.RegressionTestCheckSequence" name="@BeforeClass befroeclass" time="-1.681832234447E9">
    <skipped/>
  </testcase> <!-- @BeforeClass befroeclass -->
  <testcase classname="testngtest.RegressionTestCheckSequence" name="@BeforeMethod checkTextOnLoginPage" time="-1.681832234482E9">
    <skipped/>
  </testcase> <!-- @BeforeMethod checkTextOnLoginPage -->
  <testcase classname="testngtest.RegressionTestCheckSequence" name="@AfterMethod logout" time="-1.681832234544E9">
    <skipped/>
  </testcase> <!-- @AfterMethod logout -->
  <testcase classname="testngtest.RegressionTestCheckSequence" name="@BeforeMethod checkTextOnLoginPage" time="-1.681832234562E9">
    <skipped/>
  </testcase> <!-- @BeforeMethod checkTextOnLoginPage -->
  <testcase classname="testngtest.RegressionTestCheckSequence" name="@AfterMethod logout" time="-1.681832234593E9">
    <skipped/>
  </testcase> <!-- @AfterMethod logout -->
  <testcase classname="testngtest.RegressionTestCheckSequence" name="@BeforeMethod checkTextOnLoginPage" time="-1.681832234607E9">
    <skipped/>
  </testcase> <!-- @BeforeMethod checkTextOnLoginPage -->
  <testcase classname="testngtest.RegressionTestCheckSequence" name="@AfterMethod logout" time="-1.681832234638E9">
    <skipped/>
  </testcase> <!-- @AfterMethod logout -->
  <testcase classname="testngtest.RegressionTestCheckSequence" name="@BeforeMethod checkTextOnLoginPage" time="-1.681832234649E9">
    <skipped/>
  </testcase> <!-- @BeforeMethod checkTextOnLoginPage -->
  <testcase classname="testngtest.RegressionTestCheckSequence" name="@AfterMethod logout" time="-1.681832234673E9">
    <skipped/>
  </testcase> <!-- @AfterMethod logout -->
  <testcase classname="testngtest.RegressionTestCheckSequence" name="@AfterClass afterclass" time="-1.681832234689E9">
    <skipped/>
  </testcase> <!-- @AfterClass afterclass -->
  <testcase classname="testngtest.RegressionTestCheckSequence" name="@AfterTest afterTest" time="-1.681832234694E9">
    <skipped/>
  </testcase> <!-- @AfterTest afterTest -->
  <testcase classname="testngtest.SoftAsserttt" name="@AfterTest tearddown" time="0.02">
    <failure type="java.lang.NullPointerException" message="Cannot invoke &amp;quot;org.openqa.selenium.WebDriver.quit()&amp;quot; because &amp;quot;testngtest.SoftAsserttt.driver&amp;quot; is null">
      <![CDATA[java.lang.NullPointerException: Cannot invoke "org.openqa.selenium.WebDriver.quit()" because "testngtest.SoftAsserttt.driver" is null
at testngtest.SoftAsserttt.tearddown(SoftAsserttt.java:67)
at java.base/jdk.internal.reflect.NativeMethodAccessorImpl.invoke0(Native Method)
at java.base/jdk.internal.reflect.NativeMethodAccessorImpl.invoke(NativeMethodAccessorImpl.java:64)
at java.base/jdk.internal.reflect.DelegatingMethodAccessorImpl.invoke(DelegatingMethodAccessorImpl.java:43)
at java.base/java.lang.reflect.Method.invoke(Method.java:564)
at org.testng.internal.MethodInvocationHelper.invokeMethod(MethodInvocationHelper.java:133)
at org.testng.internal.MethodInvocationHelper.invokeMethodConsideringTimeout(MethodInvocationHelper.java:62)
at org.testng.internal.ConfigInvoker.invokeConfigurationMethod(ConfigInvoker.java:385)
at org.testng.internal.ConfigInvoker.invokeConfigurations(ConfigInvoker.java:321)
at org.testng.TestRunner.invokeTestConfigurations(TestRunner.java:637)
at org.testng.TestRunner.afterRun(TestRunner.java:877)
at org.testng.TestRunner.run(TestRunner.java:599)
at org.testng.SuiteRunner.runTest(SuiteRunner.java:377)
at org.testng.SuiteRunner.runSequentially(SuiteRunner.java:371)
at org.testng.SuiteRunner.privateRun(SuiteRunner.java:332)
at org.testng.SuiteRunner.run(SuiteRunner.java:276)
at org.testng.SuiteRunnerWorker.runSuite(SuiteRunnerWorker.java:53)
at org.testng.SuiteRunnerWorker.run(SuiteRunnerWorker.java:96)
at org.testng.TestNG.runSuitesSequentially(TestNG.java:1212)
at org.testng.TestNG.runSuitesLocally(TestNG.java:1134)
at org.testng.TestNG.runSuites(TestNG.java:1063)
at org.testng.TestNG.run(TestNG.java:1031)
at org.testng.remote.AbstractRemoteTestNG.run(AbstractRemoteTestNG.java:115)
at org.testng.remote.RemoteTestNG.initAndRun(RemoteTestNG.java:251)
at org.testng.remote.RemoteTestNG.main(RemoteTestNG.java:77)
]]>
    </failure>
  </testcase> <!-- @AfterTest tearddown -->
  <testcase classname="testngtest.RegressionTestCheckSequence" name="verifyloginaftercurrectinput" time="0.0">
    <skipped/>
  </testcase> <!-- verifyloginaftercurrectinput -->
  <testcase classname="testngtest.SoftAsserttt" name="verifyurlofpage" time="0.0">
    <skipped/>
  </testcase> <!-- verifyurlofpage -->
  <testcase classname="testngtest.SoftAsserttt" name="verifytitleofpage" time="0.0">
    <skipped/>
  </testcase> <!-- verifytitleofpage -->
  <testcase classname="testngtest.SoftAsserttt" name="verifyDashboordAfterLogin" time="0.0">
    <skipped/>
  </testcase> <!-- verifyDashboordAfterLogin -->
  <testcase classname="testngtest.SoftAsserttt" name="verifyDashbodBlocks" time="0.0">
    <skipped/>
  </testcase> <!-- verifyDashbodBlocks -->
</testsuite> <!-- Default test -->
