<?xml version="1.0" encoding="UTF-8"?>
<!-- Generated by org.testng.reporters.JUnitXMLReporter -->
<testsuite ignored="0" hostname="DESKTOP-HGBR7TQ" failures="1" tests="4" name="Test" time="9.363" errors="0" timestamp="2023-02-02T16:49:09 IST">
  <testcase classname="testngtest.Assertion" name="verifyurlofpage" time="0.039"/>
  <testcase classname="testngtest.Assertion" name="verifytitleofpage" time="0.016"/>
  <testcase classname="testngtest.Assertion" name="verifyDashboordAfterLogin" time="0.007">
    <failure type="java.lang.NullPointerException" message="Cannot invoke &amp;quot;org.openqa.selenium.WebDriver.findElement(org.openqa.selenium.By)&amp;quot; because &amp;quot;testngtest.MethodsToRunTestCaseesOnCurrentPage.driver&amp;quot; is null">
      <![CDATA[java.lang.NullPointerException: Cannot invoke "org.openqa.selenium.WebDriver.findElement(org.openqa.selenium.By)" because "testngtest.MethodsToRunTestCaseesOnCurrentPage.driver" is null
at testngtest.MethodsToRunTestCaseesOnCurrentPage.login(MethodsToRunTestCaseesOnCurrentPage.java:15)
at testngtest.Assertion.verifyDashboordAfterLogin(Assertion.java:49)
at java.base/java.util.ArrayList.forEach(ArrayList.java:1511)
... Removed 27 stack frames]]>
    </failure>
  </testcase> <!-- verifyDashboordAfterLogin -->
  <testcase classname="testngtest.Assertion" name="verifyDashbodBlocks" time="0.0">
    <skipped/>
  </testcase> <!-- verifyDashbodBlocks -->
</testsuite> <!-- Test -->
